<?xml version="1.0" encoding="UTF-8"?>
<!-- Generated by org.testng.reporters.JUnitXMLReporter -->
<testsuite hostname="win10-ltsc-fj" ignored="18" name="rbac" tests="8" failures="0" timestamp="29 六月 2022 03:09:30 GMT" time="16.187" errors="0">
  <testcase name="test" time="0.172" classname="com.sequoiadp.rbac.ddl.CreateDatabase123"/>
  <testcase name="test" time="1.578" classname="com.sequoiadp.rbac.ddl.GrantModify"/>
  <testcase name="test" time="0.485" classname="com.sequoiadp.rbac.ddl.GrantSelect"/>
  <testcase name="test" time="0.453" classname="com.sequoiadp.rbac.ddl.Groupselect"/>
  <testcase name="test" time="0.109" classname="com.sequoiadp.rbac.ddl.NoSelectOnTable"/>
  <testcase name="test" time="0.172" classname="com.sequoiadp.rbac.ddl.NoSelectOnTableByGroup"/>
  <testcase name="Test" time="0.594" classname="com.sequoiadp.rbac.ddl.RevokeSelectOnTable01"/>
  <testcase name="test" time="0.188" classname="com.sequoiadp.rbac.ddl.WithoutUsage"/>
  <testcase name="@AfterTest recycle" time="0.0" classname="com.sequoiadp.testcommon.SDPTestBase">
    <ignored/>
  </testcase> <!-- @AfterTest recycle -->
  <testcase name="@AfterTest recycle" time="0.0" classname="com.sequoiadp.testcommon.SDPTestBase">
    <ignored/>
  </testcase> <!-- @AfterTest recycle -->
  <testcase name="@AfterTest recycle" time="0.0" classname="com.sequoiadp.testcommon.SDPTestBase">
    <ignored/>
  </testcase> <!-- @AfterTest recycle -->
  <testcase name="@AfterTest recycle" time="0.0" classname="com.sequoiadp.testcommon.SDPTestBase">
    <ignored/>
  </testcase> <!-- @AfterTest recycle -->
  <testcase name="@AfterTest recycle" time="0.0" classname="com.sequoiadp.testcommon.SDPTestBase">
    <ignored/>
  </testcase> <!-- @AfterTest recycle -->
  <testcase name="@AfterTest recycle" time="0.0" classname="com.sequoiadp.testcommon.SDPTestBase">
    <ignored/>
  </testcase> <!-- @AfterTest recycle -->
  <testcase name="@BeforeSuite initSuite" time="0.0" classname="com.sequoiadp.testcommon.SDPTestBase">
    <ignored/>
  </testcase> <!-- @BeforeSuite initSuite -->
  <testcase name="@BeforeSuite initSuite" time="0.0" classname="com.sequoiadp.testcommon.SDPTestBase">
    <ignored/>
  </testcase> <!-- @BeforeSuite initSuite -->
  <testcase name="@BeforeSuite initSuite" time="0.0" classname="com.sequoiadp.testcommon.SDPTestBase">
    <ignored/>
  </testcase> <!-- @BeforeSuite initSuite -->
  <testcase name="@BeforeSuite initSuite" time="0.0" classname="com.sequoiadp.testcommon.SDPTestBase">
    <ignored/>
  </testcase> <!-- @BeforeSuite initSuite -->
  <testcase name="@BeforeSuite initSuite" time="0.0" classname="com.sequoiadp.testcommon.SDPTestBase">
    <ignored/>
  </testcase> <!-- @BeforeSuite initSuite -->
  <testcase name="@BeforeSuite initSuite" time="0.0" classname="com.sequoiadp.testcommon.SDPTestBase">
    <ignored/>
  </testcase> <!-- @BeforeSuite initSuite -->
  <testcase name="@BeforeTest cleanandbuild" time="0.0" classname="com.sequoiadp.testcommon.SDPTestBase">
    <ignored/>
  </testcase> <!-- @BeforeTest cleanandbuild -->
  <testcase name="@BeforeTest cleanandbuild" time="0.0" classname="com.sequoiadp.testcommon.SDPTestBase">
    <ignored/>
  </testcase> <!-- @BeforeTest cleanandbuild -->
  <testcase name="@BeforeTest cleanandbuild" time="0.0" classname="com.sequoiadp.testcommon.SDPTestBase">
    <ignored/>
  </testcase> <!-- @BeforeTest cleanandbuild -->
  <testcase name="@BeforeTest cleanandbuild" time="0.0" classname="com.sequoiadp.testcommon.SDPTestBase">
    <ignored/>
  </testcase> <!-- @BeforeTest cleanandbuild -->
  <testcase name="@BeforeTest cleanandbuild" time="0.0" classname="com.sequoiadp.testcommon.SDPTestBase">
    <ignored/>
  </testcase> <!-- @BeforeTest cleanandbuild -->
  <testcase name="@BeforeTest cleanandbuild" time="0.0" classname="com.sequoiadp.testcommon.SDPTestBase">
    <ignored/>
  </testcase> <!-- @BeforeTest cleanandbuild -->
</testsuite> <!-- rbac -->
