<?xml version="1.0" encoding="UTF-8"?>
<!-- Generated by org.testng.reporters.JUnitXMLReporter -->
<testsuite hostname="win10-ltsc-fj" ignored="15" name="rbac" tests="7" failures="0" timestamp="21 六月 2022 09:19:28 GMT" time="5.094" errors="0">
  <testcase name="test" time="0.187" classname="com.sequoiadp.rbac.ddl.CreateDatabase123"/>
  <testcase name="test" time="0.344" classname="com.sequoiadp.rbac.ddl.GrantModify"/>
  <testcase name="test" time="0.203" classname="com.sequoiadp.rbac.ddl.GrantSelect"/>
  <testcase name="test" time="0.203" classname="com.sequoiadp.rbac.ddl.Groupselect"/>
  <testcase name="test" time="0.11" classname="com.sequoiadp.rbac.ddl.NoSelectOnTable"/>
  <testcase name="test" time="0.141" classname="com.sequoiadp.rbac.ddl.NoSelectOnTableByGroup"/>
  <testcase name="test" time="0.156" classname="com.sequoiadp.rbac.ddl.WithoutUsage"/>
  <testcase name="@AfterTest recycle" time="0.0" classname="com.sequoiadp.testcommon.SDPTestBase">
    <ignored/>
  </testcase> <!-- @AfterTest recycle -->
  <testcase name="@AfterTest recycle" time="0.0" classname="com.sequoiadp.testcommon.SDPTestBase">
    <ignored/>
  </testcase> <!-- @AfterTest recycle -->
  <testcase name="@AfterTest recycle" time="0.0" classname="com.sequoiadp.testcommon.SDPTestBase">
    <ignored/>
  </testcase> <!-- @AfterTest recycle -->
  <testcase name="@AfterTest recycle" time="0.0" classname="com.sequoiadp.testcommon.SDPTestBase">
    <ignored/>
  </testcase> <!-- @AfterTest recycle -->
  <testcase name="@AfterTest recycle" time="0.0" classname="com.sequoiadp.testcommon.SDPTestBase">
    <ignored/>
  </testcase> <!-- @AfterTest recycle -->
  <testcase name="@BeforeSuite initSuite" time="0.0" classname="com.sequoiadp.testcommon.SDPTestBase">
    <ignored/>
  </testcase> <!-- @BeforeSuite initSuite -->
  <testcase name="@BeforeSuite initSuite" time="0.0" classname="com.sequoiadp.testcommon.SDPTestBase">
    <ignored/>
  </testcase> <!-- @BeforeSuite initSuite -->
  <testcase name="@BeforeSuite initSuite" time="0.0" classname="com.sequoiadp.testcommon.SDPTestBase">
    <ignored/>
  </testcase> <!-- @BeforeSuite initSuite -->
  <testcase name="@BeforeSuite initSuite" time="0.0" classname="com.sequoiadp.testcommon.SDPTestBase">
    <ignored/>
  </testcase> <!-- @BeforeSuite initSuite -->
  <testcase name="@BeforeSuite initSuite" time="0.0" classname="com.sequoiadp.testcommon.SDPTestBase">
    <ignored/>
  </testcase> <!-- @BeforeSuite initSuite -->
  <testcase name="@BeforeTest cleanandbuild" time="0.0" classname="com.sequoiadp.testcommon.SDPTestBase">
    <ignored/>
  </testcase> <!-- @BeforeTest cleanandbuild -->
  <testcase name="@BeforeTest cleanandbuild" time="0.0" classname="com.sequoiadp.testcommon.SDPTestBase">
    <ignored/>
  </testcase> <!-- @BeforeTest cleanandbuild -->
  <testcase name="@BeforeTest cleanandbuild" time="0.0" classname="com.sequoiadp.testcommon.SDPTestBase">
    <ignored/>
  </testcase> <!-- @BeforeTest cleanandbuild -->
  <testcase name="@BeforeTest cleanandbuild" time="0.0" classname="com.sequoiadp.testcommon.SDPTestBase">
    <ignored/>
  </testcase> <!-- @BeforeTest cleanandbuild -->
  <testcase name="@BeforeTest cleanandbuild" time="0.0" classname="com.sequoiadp.testcommon.SDPTestBase">
    <ignored/>
  </testcase> <!-- @BeforeTest cleanandbuild -->
</testsuite> <!-- rbac -->
