<?xml version="1.0" encoding="UTF-8"?>
<testng-results skipped="0" failed="0" ignored="18" total="26" passed="8">
  <reporter-output>
  </reporter-output>
  <suite name="rbac" duration-ms="16187" started-at="2022-06-29T03:09:13Z" finished-at="2022-06-29T03:09:30Z">
    <groups>
    </groups>
    <test name="rbac" duration-ms="16187" started-at="2022-06-29T03:09:13Z" finished-at="2022-06-29T03:09:30Z">
      <class name="com.sequoiadp.rbac.ddl.NoSelectOnTableByGroup">
        <test-method status="PASS" signature="setup()[pri:0, instance:com.sequoiadp.rbac.ddl.NoSelectOnTableByGroup@5204062d]" name="setup" is-config="true" duration-ms="1328" started-at="2022-06-29T11:09:24Z" finished-at="2022-06-29T11:09:25Z">
          <reporter-output>
          </reporter-output>
        </test-method> <!-- setup -->
        <test-method status="PASS" signature="test()[pri:0, instance:com.sequoiadp.rbac.ddl.NoSelectOnTableByGroup@5204062d]" name="test" duration-ms="172" started-at="2022-06-29T11:09:25Z" finished-at="2022-06-29T11:09:25Z">
          <exception class="java.sql.SQLException">
            <message>
              <![CDATA[org.apache.hive.service.cli.HiveSQLException: Error running query: org.apache.spark.sql.AnalysisException: user sdbadmin does not have select privilege on table testdb.sdgggsdgat org.apache.spark.sql.hive.thriftserver.SparkExecuteStatementOperation.org$apache$spark$sql$hive$thriftserver$SparkExecuteStatementOperation$$execute(SparkExecuteStatementOperation.scala:361)at org.apache.spark.sql.hive.thriftserver.SparkExecuteStatementOperation$$anon$2$$anon$3.$anonfun$run$2(SparkExecuteStatementOperation.scala:263)at scala.runtime.java8.JFunction0$mcV$sp.apply(JFunction0$mcV$sp.java:23)at org.apache.spark.sql.hive.thriftserver.SparkOperation.withLocalProperties(SparkOperation.scala:78)at org.apache.spark.sql.hive.thriftserver.SparkOperation.withLocalProperties$(SparkOperation.scala:62)at org.apache.spark.sql.hive.thriftserver.SparkExecuteStatementOperation.withLocalProperties(SparkExecuteStatementOperation.scala:43)at org.apache.spark.sql.hive.thriftserver.SparkExecuteStatementOperation$$anon$2$$anon$3.run(SparkExecuteStatementOperation.scala:263)at org.apache.spark.sql.hive.thriftserver.SparkExecuteStatementOperation$$anon$2$$anon$3.run(SparkExecuteStatementOperation.scala:258)at java.security.AccessController.doPrivileged(Native Method)at javax.security.auth.Subject.doAs(Subject.java:422)at org.apache.hadoop.security.UserGroupInformation.doAs(UserGroupInformation.java:1730)at org.apache.spark.sql.hive.thriftserver.SparkExecuteStatementOperation$$anon$2.run(SparkExecuteStatementOperation.scala:272)at java.util.concurrent.Executors$RunnableAdapter.call(Executors.java:511)at java.util.concurrent.FutureTask.run(FutureTask.java:266)at java.util.concurrent.ThreadPoolExecutor.runWorker(ThreadPoolExecutor.java:1149)at java.util.concurrent.ThreadPoolExecutor$Worker.run(ThreadPoolExecutor.java:624)at java.lang.Thread.run(Thread.java:748)Caused by: org.apache.spark.sql.AnalysisException: user sdbadmin does not have select privilege on table testdb.sdgggsdgat org.apache.spark.sql.execution.AuthorityCheck.checkAuth(AuthorityCheck.scala:177)at org.apache.spark.sql.execution.AuthorityCheck.checkTableAuth(AuthorityCheck.scala:72)at org.apache.spark.sql.execution.AuthorityCheck.checkSelectStatement(AuthorityCheck.scala:201)at org.apache.spark.sql.execution.AuthorityCheck.checkSelectStatement(AuthorityCheck.scala:216)at org.apache.spark.sql.execution.AuthorityCheck.checkSelectStatement(AuthorityCheck.scala:216)at org.apache.spark.sql.execution.AuthorityCheck.$anonfun$apply$3(AuthorityCheck.scala:269)at org.apache.spark.sql.execution.AuthorityCheck.$anonfun$apply$3$adapted(AuthorityCheck.scala:251)at org.apache.spark.sql.catalyst.trees.TreeNode.foreach(TreeNode.scala:174)at org.apache.spark.sql.execution.AuthorityCheck.apply(AuthorityCheck.scala:251)at org.apache.spark.sql.execution.AuthorityCheck.apply(AuthorityCheck.scala:39)at org.apache.spark.sql.catalyst.rules.RuleExecutor.$anonfun$execute$2(RuleExecutor.scala:216)at scala.collection.LinearSeqOptimized.foldLeft(LinearSeqOptimized.scala:126)at scala.collection.LinearSeqOptimized.foldLeft$(LinearSeqOptimized.scala:122)at scala.collection.immutable.List.foldLeft(List.scala:89)at org.apache.spark.sql.catalyst.rules.RuleExecutor.$anonfun$execute$1(RuleExecutor.scala:213)at org.apache.spark.sql.catalyst.rules.RuleExecutor.$anonfun$execute$1$adapted(RuleExecutor.scala:205)at scala.collection.immutable.List.foreach(List.scala:392)at org.apache.spark.sql.catalyst.rules.RuleExecutor.execute(RuleExecutor.scala:205)at org.apache.spark.sql.catalyst.analysis.Analyzer.org$apache$spark$sql$catalyst$analysis$Analyzer$$executeSameContext(Analyzer.scala:196)at org.apache.spark.sql.catalyst.analysis.Analyzer.execute(Analyzer.scala:190)at org.apache.spark.sql.catalyst.analysis.Analyzer.execute(Analyzer.scala:155)at org.apache.spark.sql.catalyst.rules.RuleExecutor.$anonfun$executeAndTrack$1(RuleExecutor.scala:183)at org.apache.spark.sql.catalyst.QueryPlanningTracker$.withTracker(QueryPlanningTracker.scala:88)at org.apache.spark.sql.catalyst.rules.RuleExecutor.executeAndTrack(RuleExecutor.scala:183)at org.apache.spark.sql.catalyst.analysis.Analyzer.$anonfun$executeAndCheck$1(Analyzer.scala:174)at org.apache.spark.sql.catalyst.plans.logical.AnalysisHelper$.markInAnalyzer(AnalysisHelper.scala:228)at org.apache.spark.sql.catalyst.analysis.Analyzer.executeAndCheck(Analyzer.scala:173)at org.apache.spark.sql.execution.QueryExecution.$anonfun$analyzed$1(QueryExecution.scala:73)at org.apache.spark.sql.catalyst.QueryPlanningTracker.measurePhase(QueryPlanningTracker.scala:111)at org.apache.spark.sql.execution.QueryExecution.$anonfun$executePhase$1(QueryExecution.scala:143)at org.apache.spark.sql.SparkSession.withActive(SparkSession.scala:776)at org.apache.spark.sql.execution.QueryExecution.executePhase(QueryExecution.scala:143)at org.apache.spark.sql.execution.QueryExecution.analyzed$lzycompute(QueryExecution.scala:73)at org.apache.spark.sql.execution.QueryExecution.analyzed(QueryExecution.scala:71)at org.apache.spark.sql.execution.QueryExecution.assertAnalyzed(QueryExecution.scala:63)at org.apache.spark.sql.Dataset$.$anonfun$ofRows$2(Dataset.scala:101)at org.apache.spark.sql.SparkSession.withActive(SparkSession.scala:776)at org.apache.spark.sql.Dataset$.ofRows(Dataset.scala:99)at org.apache.spark.sql.SparkSession.$anonfun$sql$1(SparkSession.scala:619)at org.apache.spark.sql.SparkSession.withActive(SparkSession.scala:776)at org.apache.spark.sql.SparkSession.sql(SparkSession.scala:614)at org.apache.spark.sql.SQLContext.sql(SQLContext.scala:650)at org.apache.spark.sql.hive.thriftserver.SparkExecuteStatementOperation.org$apache$spark$sql$hive$thriftserver$SparkExecuteStatementOperation$$execute(SparkExecuteStatementOperation.scala:325)... 16 more]]>
            </message>
            <full-stacktrace>
              <![CDATA[java.sql.SQLException: org.apache.hive.service.cli.HiveSQLException: Error running query: org.apache.spark.sql.AnalysisException: user sdbadmin does not have select privilege on table testdb.sdgggsdgat org.apache.spark.sql.hive.thriftserver.SparkExecuteStatementOperation.org$apache$spark$sql$hive$thriftserver$SparkExecuteStatementOperation$$execute(SparkExecuteStatementOperation.scala:361)at org.apache.spark.sql.hive.thriftserver.SparkExecuteStatementOperation$$anon$2$$anon$3.$anonfun$run$2(SparkExecuteStatementOperation.scala:263)at scala.runtime.java8.JFunction0$mcV$sp.apply(JFunction0$mcV$sp.java:23)at org.apache.spark.sql.hive.thriftserver.SparkOperation.withLocalProperties(SparkOperation.scala:78)at org.apache.spark.sql.hive.thriftserver.SparkOperation.withLocalProperties$(SparkOperation.scala:62)at org.apache.spark.sql.hive.thriftserver.SparkExecuteStatementOperation.withLocalProperties(SparkExecuteStatementOperation.scala:43)at org.apache.spark.sql.hive.thriftserver.SparkExecuteStatementOperation$$anon$2$$anon$3.run(SparkExecuteStatementOperation.scala:263)at org.apache.spark.sql.hive.thriftserver.SparkExecuteStatementOperation$$anon$2$$anon$3.run(SparkExecuteStatementOperation.scala:258)at java.security.AccessController.doPrivileged(Native Method)at javax.security.auth.Subject.doAs(Subject.java:422)at org.apache.hadoop.security.UserGroupInformation.doAs(UserGroupInformation.java:1730)at org.apache.spark.sql.hive.thriftserver.SparkExecuteStatementOperation$$anon$2.run(SparkExecuteStatementOperation.scala:272)at java.util.concurrent.Executors$RunnableAdapter.call(Executors.java:511)at java.util.concurrent.FutureTask.run(FutureTask.java:266)at java.util.concurrent.ThreadPoolExecutor.runWorker(ThreadPoolExecutor.java:1149)at java.util.concurrent.ThreadPoolExecutor$Worker.run(ThreadPoolExecutor.java:624)at java.lang.Thread.run(Thread.java:748)Caused by: org.apache.spark.sql.AnalysisException: user sdbadmin does not have select privilege on table testdb.sdgggsdgat org.apache.spark.sql.execution.AuthorityCheck.checkAuth(AuthorityCheck.scala:177)at org.apache.spark.sql.execution.AuthorityCheck.checkTableAuth(AuthorityCheck.scala:72)at org.apache.spark.sql.execution.AuthorityCheck.checkSelectStatement(AuthorityCheck.scala:201)at org.apache.spark.sql.execution.AuthorityCheck.checkSelectStatement(AuthorityCheck.scala:216)at org.apache.spark.sql.execution.AuthorityCheck.checkSelectStatement(AuthorityCheck.scala:216)at org.apache.spark.sql.execution.AuthorityCheck.$anonfun$apply$3(AuthorityCheck.scala:269)at org.apache.spark.sql.execution.AuthorityCheck.$anonfun$apply$3$adapted(AuthorityCheck.scala:251)at org.apache.spark.sql.catalyst.trees.TreeNode.foreach(TreeNode.scala:174)at org.apache.spark.sql.execution.AuthorityCheck.apply(AuthorityCheck.scala:251)at org.apache.spark.sql.execution.AuthorityCheck.apply(AuthorityCheck.scala:39)at org.apache.spark.sql.catalyst.rules.RuleExecutor.$anonfun$execute$2(RuleExecutor.scala:216)at scala.collection.LinearSeqOptimized.foldLeft(LinearSeqOptimized.scala:126)at scala.collection.LinearSeqOptimized.foldLeft$(LinearSeqOptimized.scala:122)at scala.collection.immutable.List.foldLeft(List.scala:89)at org.apache.spark.sql.catalyst.rules.RuleExecutor.$anonfun$execute$1(RuleExecutor.scala:213)at org.apache.spark.sql.catalyst.rules.RuleExecutor.$anonfun$execute$1$adapted(RuleExecutor.scala:205)at scala.collection.immutable.List.foreach(List.scala:392)at org.apache.spark.sql.catalyst.rules.RuleExecutor.execute(RuleExecutor.scala:205)at org.apache.spark.sql.catalyst.analysis.Analyzer.org$apache$spark$sql$catalyst$analysis$Analyzer$$executeSameContext(Analyzer.scala:196)at org.apache.spark.sql.catalyst.analysis.Analyzer.execute(Analyzer.scala:190)at org.apache.spark.sql.catalyst.analysis.Analyzer.execute(Analyzer.scala:155)at org.apache.spark.sql.catalyst.rules.RuleExecutor.$anonfun$executeAndTrack$1(RuleExecutor.scala:183)at org.apache.spark.sql.catalyst.QueryPlanningTracker$.withTracker(QueryPlanningTracker.scala:88)at org.apache.spark.sql.catalyst.rules.RuleExecutor.executeAndTrack(RuleExecutor.scala:183)at org.apache.spark.sql.catalyst.analysis.Analyzer.$anonfun$executeAndCheck$1(Analyzer.scala:174)at org.apache.spark.sql.catalyst.plans.logical.AnalysisHelper$.markInAnalyzer(AnalysisHelper.scala:228)at org.apache.spark.sql.catalyst.analysis.Analyzer.executeAndCheck(Analyzer.scala:173)at org.apache.spark.sql.execution.QueryExecution.$anonfun$analyzed$1(QueryExecution.scala:73)at org.apache.spark.sql.catalyst.QueryPlanningTracker.measurePhase(QueryPlanningTracker.scala:111)at org.apache.spark.sql.execution.QueryExecution.$anonfun$executePhase$1(QueryExecution.scala:143)at org.apache.spark.sql.SparkSession.withActive(SparkSession.scala:776)at org.apache.spark.sql.execution.QueryExecution.executePhase(QueryExecution.scala:143)at org.apache.spark.sql.execution.QueryExecution.analyzed$lzycompute(QueryExecution.scala:73)at org.apache.spark.sql.execution.QueryExecution.analyzed(QueryExecution.scala:71)at org.apache.spark.sql.execution.QueryExecution.assertAnalyzed(QueryExecution.scala:63)at org.apache.spark.sql.Dataset$.$anonfun$ofRows$2(Dataset.scala:101)at org.apache.spark.sql.SparkSession.withActive(SparkSession.scala:776)at org.apache.spark.sql.Dataset$.ofRows(Dataset.scala:99)at org.apache.spark.sql.SparkSession.$anonfun$sql$1(SparkSession.scala:619)at org.apache.spark.sql.SparkSession.withActive(SparkSession.scala:776)at org.apache.spark.sql.SparkSession.sql(SparkSession.scala:614)at org.apache.spark.sql.SQLContext.sql(SQLContext.scala:650)at org.apache.spark.sql.hive.thriftserver.SparkExecuteStatementOperation.org$apache$spark$sql$hive$thriftserver$SparkExecuteStatementOperation$$execute(SparkExecuteStatementOperation.scala:325)... 16 moreat org.apache.hive.jdbc.HiveStatement.waitForOperationToComplete(HiveStatement.java:385)at org.apache.hive.jdbc.HiveStatement.execute(HiveStatement.java:254)at org.apache.hive.jdbc.HiveStatement.executeQuery(HiveStatement.java:476)at com.sequoiadp.rbac.ddl.NoSelectOnTableByGroup.test(NoSelectOnTableByGroup.java:38)at sun.reflect.NativeMethodAccessorImpl.invoke0(Native Method)at sun.reflect.NativeMethodAccessorImpl.invoke(NativeMethodAccessorImpl.java:62)at sun.reflect.DelegatingMethodAccessorImpl.invoke(DelegatingMethodAccessorImpl.java:43)at java.lang.reflect.Method.invoke(Method.java:498)at org.testng.internal.MethodInvocationHelper.invokeMethod(MethodInvocationHelper.java:124)at org.testng.internal.Invoker.invokeMethod(Invoker.java:571)at org.testng.internal.Invoker.invokeTestMethod(Invoker.java:707)at org.testng.internal.Invoker.invokeTestMethods(Invoker.java:979)at org.testng.internal.TestMethodWorker.invokeTestMethods(TestMethodWorker.java:125)at org.testng.internal.TestMethodWorker.run(TestMethodWorker.java:109)at org.testng.TestRunner.privateRun(TestRunner.java:648)at org.testng.TestRunner.run(TestRunner.java:505)at org.testng.SuiteRunner.runTest(SuiteRunner.java:455)at org.testng.SuiteRunner.runSequentially(SuiteRunner.java:450)at org.testng.SuiteRunner.privateRun(SuiteRunner.java:415)at org.testng.SuiteRunner.run(SuiteRunner.java:364)at org.testng.SuiteRunnerWorker.runSuite(SuiteRunnerWorker.java:52)at org.testng.SuiteRunnerWorker.run(SuiteRunnerWorker.java:84)at org.testng.TestNG.runSuitesSequentially(TestNG.java:1187)at org.testng.TestNG.runSuitesLocally(TestNG.java:1116)at org.testng.TestNG.runSuites(TestNG.java:1028)at org.testng.TestNG.run(TestNG.java:996)at org.apache.maven.surefire.testng.TestNGExecutor.run(TestNGExecutor.java:178)at org.apache.maven.surefire.testng.TestNGXmlTestSuite.execute(TestNGXmlTestSuite.java:92)at org.apache.maven.surefire.testng.TestNGProvider.invoke(TestNGProvider.java:96)at sun.reflect.NativeMethodAccessorImpl.invoke0(Native Method)at sun.reflect.NativeMethodAccessorImpl.invoke(NativeMethodAccessorImpl.java:62)at sun.reflect.DelegatingMethodAccessorImpl.invoke(DelegatingMethodAccessorImpl.java:43)at java.lang.reflect.Method.invoke(Method.java:498)at org.apache.maven.surefire.util.ReflectionUtils.invokeMethodWithArray(ReflectionUtils.java:189)at org.apache.maven.surefire.booter.ProviderFactory$ProviderProxy.invoke(ProviderFactory.java:165)at org.apache.maven.surefire.booter.ProviderFactory.invokeProvider(ProviderFactory.java:85)at org.apache.maven.surefire.booter.ForkedBooter.runSuitesInProcess(ForkedBooter.java:115)at org.apache.maven.surefire.booter.ForkedBooter.main(ForkedBooter.java:75)]]>
            </full-stacktrace>
          </exception> <!-- java.sql.SQLException -->
          <reporter-output>
          </reporter-output>
        </test-method> <!-- test -->
        <test-method status="PASS" signature="tearDown()[pri:0, instance:com.sequoiadp.rbac.ddl.NoSelectOnTableByGroup@5204062d]" name="tearDown" is-config="true" duration-ms="703" started-at="2022-06-29T11:09:25Z" finished-at="2022-06-29T11:09:26Z">
          <reporter-output>
          </reporter-output>
        </test-method> <!-- tearDown -->
      </class> <!-- com.sequoiadp.rbac.ddl.NoSelectOnTableByGroup -->
      <class name="com.sequoiadp.rbac.ddl.NoSelectOnTable">
        <test-method status="PASS" signature="setup()[pri:0, instance:com.sequoiadp.rbac.ddl.NoSelectOnTable@5579bb86]" name="setup" is-config="true" duration-ms="1281" started-at="2022-06-29T11:09:22Z" finished-at="2022-06-29T11:09:23Z">
          <reporter-output>
          </reporter-output>
        </test-method> <!-- setup -->
        <test-method status="PASS" signature="test()[pri:0, instance:com.sequoiadp.rbac.ddl.NoSelectOnTable@5579bb86]" name="test" duration-ms="109" started-at="2022-06-29T11:09:23Z" finished-at="2022-06-29T11:09:23Z">
          <exception class="java.sql.SQLException">
            <message>
              <![CDATA[org.apache.hive.service.cli.HiveSQLException: Error running query: org.apache.spark.sql.AnalysisException: user sdbadmin does not have select privilege on table testdb.njuty0j7at org.apache.spark.sql.hive.thriftserver.SparkExecuteStatementOperation.org$apache$spark$sql$hive$thriftserver$SparkExecuteStatementOperation$$execute(SparkExecuteStatementOperation.scala:361)at org.apache.spark.sql.hive.thriftserver.SparkExecuteStatementOperation$$anon$2$$anon$3.$anonfun$run$2(SparkExecuteStatementOperation.scala:263)at scala.runtime.java8.JFunction0$mcV$sp.apply(JFunction0$mcV$sp.java:23)at org.apache.spark.sql.hive.thriftserver.SparkOperation.withLocalProperties(SparkOperation.scala:78)at org.apache.spark.sql.hive.thriftserver.SparkOperation.withLocalProperties$(SparkOperation.scala:62)at org.apache.spark.sql.hive.thriftserver.SparkExecuteStatementOperation.withLocalProperties(SparkExecuteStatementOperation.scala:43)at org.apache.spark.sql.hive.thriftserver.SparkExecuteStatementOperation$$anon$2$$anon$3.run(SparkExecuteStatementOperation.scala:263)at org.apache.spark.sql.hive.thriftserver.SparkExecuteStatementOperation$$anon$2$$anon$3.run(SparkExecuteStatementOperation.scala:258)at java.security.AccessController.doPrivileged(Native Method)at javax.security.auth.Subject.doAs(Subject.java:422)at org.apache.hadoop.security.UserGroupInformation.doAs(UserGroupInformation.java:1730)at org.apache.spark.sql.hive.thriftserver.SparkExecuteStatementOperation$$anon$2.run(SparkExecuteStatementOperation.scala:272)at java.util.concurrent.Executors$RunnableAdapter.call(Executors.java:511)at java.util.concurrent.FutureTask.run(FutureTask.java:266)at java.util.concurrent.ThreadPoolExecutor.runWorker(ThreadPoolExecutor.java:1149)at java.util.concurrent.ThreadPoolExecutor$Worker.run(ThreadPoolExecutor.java:624)at java.lang.Thread.run(Thread.java:748)Caused by: org.apache.spark.sql.AnalysisException: user sdbadmin does not have select privilege on table testdb.njuty0j7at org.apache.spark.sql.execution.AuthorityCheck.checkAuth(AuthorityCheck.scala:177)at org.apache.spark.sql.execution.AuthorityCheck.checkTableAuth(AuthorityCheck.scala:72)at org.apache.spark.sql.execution.AuthorityCheck.checkSelectStatement(AuthorityCheck.scala:201)at org.apache.spark.sql.execution.AuthorityCheck.checkSelectStatement(AuthorityCheck.scala:216)at org.apache.spark.sql.execution.AuthorityCheck.checkSelectStatement(AuthorityCheck.scala:216)at org.apache.spark.sql.execution.AuthorityCheck.$anonfun$apply$3(AuthorityCheck.scala:269)at org.apache.spark.sql.execution.AuthorityCheck.$anonfun$apply$3$adapted(AuthorityCheck.scala:251)at org.apache.spark.sql.catalyst.trees.TreeNode.foreach(TreeNode.scala:174)at org.apache.spark.sql.execution.AuthorityCheck.apply(AuthorityCheck.scala:251)at org.apache.spark.sql.execution.AuthorityCheck.apply(AuthorityCheck.scala:39)at org.apache.spark.sql.catalyst.rules.RuleExecutor.$anonfun$execute$2(RuleExecutor.scala:216)at scala.collection.LinearSeqOptimized.foldLeft(LinearSeqOptimized.scala:126)at scala.collection.LinearSeqOptimized.foldLeft$(LinearSeqOptimized.scala:122)at scala.collection.immutable.List.foldLeft(List.scala:89)at org.apache.spark.sql.catalyst.rules.RuleExecutor.$anonfun$execute$1(RuleExecutor.scala:213)at org.apache.spark.sql.catalyst.rules.RuleExecutor.$anonfun$execute$1$adapted(RuleExecutor.scala:205)at scala.collection.immutable.List.foreach(List.scala:392)at org.apache.spark.sql.catalyst.rules.RuleExecutor.execute(RuleExecutor.scala:205)at org.apache.spark.sql.catalyst.analysis.Analyzer.org$apache$spark$sql$catalyst$analysis$Analyzer$$executeSameContext(Analyzer.scala:196)at org.apache.spark.sql.catalyst.analysis.Analyzer.execute(Analyzer.scala:190)at org.apache.spark.sql.catalyst.analysis.Analyzer.execute(Analyzer.scala:155)at org.apache.spark.sql.catalyst.rules.RuleExecutor.$anonfun$executeAndTrack$1(RuleExecutor.scala:183)at org.apache.spark.sql.catalyst.QueryPlanningTracker$.withTracker(QueryPlanningTracker.scala:88)at org.apache.spark.sql.catalyst.rules.RuleExecutor.executeAndTrack(RuleExecutor.scala:183)at org.apache.spark.sql.catalyst.analysis.Analyzer.$anonfun$executeAndCheck$1(Analyzer.scala:174)at org.apache.spark.sql.catalyst.plans.logical.AnalysisHelper$.markInAnalyzer(AnalysisHelper.scala:228)at org.apache.spark.sql.catalyst.analysis.Analyzer.executeAndCheck(Analyzer.scala:173)at org.apache.spark.sql.execution.QueryExecution.$anonfun$analyzed$1(QueryExecution.scala:73)at org.apache.spark.sql.catalyst.QueryPlanningTracker.measurePhase(QueryPlanningTracker.scala:111)at org.apache.spark.sql.execution.QueryExecution.$anonfun$executePhase$1(QueryExecution.scala:143)at org.apache.spark.sql.SparkSession.withActive(SparkSession.scala:776)at org.apache.spark.sql.execution.QueryExecution.executePhase(QueryExecution.scala:143)at org.apache.spark.sql.execution.QueryExecution.analyzed$lzycompute(QueryExecution.scala:73)at org.apache.spark.sql.execution.QueryExecution.analyzed(QueryExecution.scala:71)at org.apache.spark.sql.execution.QueryExecution.assertAnalyzed(QueryExecution.scala:63)at org.apache.spark.sql.Dataset$.$anonfun$ofRows$2(Dataset.scala:101)at org.apache.spark.sql.SparkSession.withActive(SparkSession.scala:776)at org.apache.spark.sql.Dataset$.ofRows(Dataset.scala:99)at org.apache.spark.sql.SparkSession.$anonfun$sql$1(SparkSession.scala:619)at org.apache.spark.sql.SparkSession.withActive(SparkSession.scala:776)at org.apache.spark.sql.SparkSession.sql(SparkSession.scala:614)at org.apache.spark.sql.SQLContext.sql(SQLContext.scala:650)at org.apache.spark.sql.hive.thriftserver.SparkExecuteStatementOperation.org$apache$spark$sql$hive$thriftserver$SparkExecuteStatementOperation$$execute(SparkExecuteStatementOperation.scala:325)... 16 more]]>
            </message>
            <full-stacktrace>
              <![CDATA[java.sql.SQLException: org.apache.hive.service.cli.HiveSQLException: Error running query: org.apache.spark.sql.AnalysisException: user sdbadmin does not have select privilege on table testdb.njuty0j7at org.apache.spark.sql.hive.thriftserver.SparkExecuteStatementOperation.org$apache$spark$sql$hive$thriftserver$SparkExecuteStatementOperation$$execute(SparkExecuteStatementOperation.scala:361)at org.apache.spark.sql.hive.thriftserver.SparkExecuteStatementOperation$$anon$2$$anon$3.$anonfun$run$2(SparkExecuteStatementOperation.scala:263)at scala.runtime.java8.JFunction0$mcV$sp.apply(JFunction0$mcV$sp.java:23)at org.apache.spark.sql.hive.thriftserver.SparkOperation.withLocalProperties(SparkOperation.scala:78)at org.apache.spark.sql.hive.thriftserver.SparkOperation.withLocalProperties$(SparkOperation.scala:62)at org.apache.spark.sql.hive.thriftserver.SparkExecuteStatementOperation.withLocalProperties(SparkExecuteStatementOperation.scala:43)at org.apache.spark.sql.hive.thriftserver.SparkExecuteStatementOperation$$anon$2$$anon$3.run(SparkExecuteStatementOperation.scala:263)at org.apache.spark.sql.hive.thriftserver.SparkExecuteStatementOperation$$anon$2$$anon$3.run(SparkExecuteStatementOperation.scala:258)at java.security.AccessController.doPrivileged(Native Method)at javax.security.auth.Subject.doAs(Subject.java:422)at org.apache.hadoop.security.UserGroupInformation.doAs(UserGroupInformation.java:1730)at org.apache.spark.sql.hive.thriftserver.SparkExecuteStatementOperation$$anon$2.run(SparkExecuteStatementOperation.scala:272)at java.util.concurrent.Executors$RunnableAdapter.call(Executors.java:511)at java.util.concurrent.FutureTask.run(FutureTask.java:266)at java.util.concurrent.ThreadPoolExecutor.runWorker(ThreadPoolExecutor.java:1149)at java.util.concurrent.ThreadPoolExecutor$Worker.run(ThreadPoolExecutor.java:624)at java.lang.Thread.run(Thread.java:748)Caused by: org.apache.spark.sql.AnalysisException: user sdbadmin does not have select privilege on table testdb.njuty0j7at org.apache.spark.sql.execution.AuthorityCheck.checkAuth(AuthorityCheck.scala:177)at org.apache.spark.sql.execution.AuthorityCheck.checkTableAuth(AuthorityCheck.scala:72)at org.apache.spark.sql.execution.AuthorityCheck.checkSelectStatement(AuthorityCheck.scala:201)at org.apache.spark.sql.execution.AuthorityCheck.checkSelectStatement(AuthorityCheck.scala:216)at org.apache.spark.sql.execution.AuthorityCheck.checkSelectStatement(AuthorityCheck.scala:216)at org.apache.spark.sql.execution.AuthorityCheck.$anonfun$apply$3(AuthorityCheck.scala:269)at org.apache.spark.sql.execution.AuthorityCheck.$anonfun$apply$3$adapted(AuthorityCheck.scala:251)at org.apache.spark.sql.catalyst.trees.TreeNode.foreach(TreeNode.scala:174)at org.apache.spark.sql.execution.AuthorityCheck.apply(AuthorityCheck.scala:251)at org.apache.spark.sql.execution.AuthorityCheck.apply(AuthorityCheck.scala:39)at org.apache.spark.sql.catalyst.rules.RuleExecutor.$anonfun$execute$2(RuleExecutor.scala:216)at scala.collection.LinearSeqOptimized.foldLeft(LinearSeqOptimized.scala:126)at scala.collection.LinearSeqOptimized.foldLeft$(LinearSeqOptimized.scala:122)at scala.collection.immutable.List.foldLeft(List.scala:89)at org.apache.spark.sql.catalyst.rules.RuleExecutor.$anonfun$execute$1(RuleExecutor.scala:213)at org.apache.spark.sql.catalyst.rules.RuleExecutor.$anonfun$execute$1$adapted(RuleExecutor.scala:205)at scala.collection.immutable.List.foreach(List.scala:392)at org.apache.spark.sql.catalyst.rules.RuleExecutor.execute(RuleExecutor.scala:205)at org.apache.spark.sql.catalyst.analysis.Analyzer.org$apache$spark$sql$catalyst$analysis$Analyzer$$executeSameContext(Analyzer.scala:196)at org.apache.spark.sql.catalyst.analysis.Analyzer.execute(Analyzer.scala:190)at org.apache.spark.sql.catalyst.analysis.Analyzer.execute(Analyzer.scala:155)at org.apache.spark.sql.catalyst.rules.RuleExecutor.$anonfun$executeAndTrack$1(RuleExecutor.scala:183)at org.apache.spark.sql.catalyst.QueryPlanningTracker$.withTracker(QueryPlanningTracker.scala:88)at org.apache.spark.sql.catalyst.rules.RuleExecutor.executeAndTrack(RuleExecutor.scala:183)at org.apache.spark.sql.catalyst.analysis.Analyzer.$anonfun$executeAndCheck$1(Analyzer.scala:174)at org.apache.spark.sql.catalyst.plans.logical.AnalysisHelper$.markInAnalyzer(AnalysisHelper.scala:228)at org.apache.spark.sql.catalyst.analysis.Analyzer.executeAndCheck(Analyzer.scala:173)at org.apache.spark.sql.execution.QueryExecution.$anonfun$analyzed$1(QueryExecution.scala:73)at org.apache.spark.sql.catalyst.QueryPlanningTracker.measurePhase(QueryPlanningTracker.scala:111)at org.apache.spark.sql.execution.QueryExecution.$anonfun$executePhase$1(QueryExecution.scala:143)at org.apache.spark.sql.SparkSession.withActive(SparkSession.scala:776)at org.apache.spark.sql.execution.QueryExecution.executePhase(QueryExecution.scala:143)at org.apache.spark.sql.execution.QueryExecution.analyzed$lzycompute(QueryExecution.scala:73)at org.apache.spark.sql.execution.QueryExecution.analyzed(QueryExecution.scala:71)at org.apache.spark.sql.execution.QueryExecution.assertAnalyzed(QueryExecution.scala:63)at org.apache.spark.sql.Dataset$.$anonfun$ofRows$2(Dataset.scala:101)at org.apache.spark.sql.SparkSession.withActive(SparkSession.scala:776)at org.apache.spark.sql.Dataset$.ofRows(Dataset.scala:99)at org.apache.spark.sql.SparkSession.$anonfun$sql$1(SparkSession.scala:619)at org.apache.spark.sql.SparkSession.withActive(SparkSession.scala:776)at org.apache.spark.sql.SparkSession.sql(SparkSession.scala:614)at org.apache.spark.sql.SQLContext.sql(SQLContext.scala:650)at org.apache.spark.sql.hive.thriftserver.SparkExecuteStatementOperation.org$apache$spark$sql$hive$thriftserver$SparkExecuteStatementOperation$$execute(SparkExecuteStatementOperation.scala:325)... 16 moreat org.apache.hive.jdbc.HiveStatement.waitForOperationToComplete(HiveStatement.java:385)at org.apache.hive.jdbc.HiveStatement.execute(HiveStatement.java:254)at org.apache.hive.jdbc.HiveStatement.executeQuery(HiveStatement.java:476)at com.sequoiadp.rbac.ddl.NoSelectOnTable.test(NoSelectOnTable.java:32)at sun.reflect.NativeMethodAccessorImpl.invoke0(Native Method)at sun.reflect.NativeMethodAccessorImpl.invoke(NativeMethodAccessorImpl.java:62)at sun.reflect.DelegatingMethodAccessorImpl.invoke(DelegatingMethodAccessorImpl.java:43)at java.lang.reflect.Method.invoke(Method.java:498)at org.testng.internal.MethodInvocationHelper.invokeMethod(MethodInvocationHelper.java:124)at org.testng.internal.Invoker.invokeMethod(Invoker.java:571)at org.testng.internal.Invoker.invokeTestMethod(Invoker.java:707)at org.testng.internal.Invoker.invokeTestMethods(Invoker.java:979)at org.testng.internal.TestMethodWorker.invokeTestMethods(TestMethodWorker.java:125)at org.testng.internal.TestMethodWorker.run(TestMethodWorker.java:109)at org.testng.TestRunner.privateRun(TestRunner.java:648)at org.testng.TestRunner.run(TestRunner.java:505)at org.testng.SuiteRunner.runTest(SuiteRunner.java:455)at org.testng.SuiteRunner.runSequentially(SuiteRunner.java:450)at org.testng.SuiteRunner.privateRun(SuiteRunner.java:415)at org.testng.SuiteRunner.run(SuiteRunner.java:364)at org.testng.SuiteRunnerWorker.runSuite(SuiteRunnerWorker.java:52)at org.testng.SuiteRunnerWorker.run(SuiteRunnerWorker.java:84)at org.testng.TestNG.runSuitesSequentially(TestNG.java:1187)at org.testng.TestNG.runSuitesLocally(TestNG.java:1116)at org.testng.TestNG.runSuites(TestNG.java:1028)at org.testng.TestNG.run(TestNG.java:996)at org.apache.maven.surefire.testng.TestNGExecutor.run(TestNGExecutor.java:178)at org.apache.maven.surefire.testng.TestNGXmlTestSuite.execute(TestNGXmlTestSuite.java:92)at org.apache.maven.surefire.testng.TestNGProvider.invoke(TestNGProvider.java:96)at sun.reflect.NativeMethodAccessorImpl.invoke0(Native Method)at sun.reflect.NativeMethodAccessorImpl.invoke(NativeMethodAccessorImpl.java:62)at sun.reflect.DelegatingMethodAccessorImpl.invoke(DelegatingMethodAccessorImpl.java:43)at java.lang.reflect.Method.invoke(Method.java:498)at org.apache.maven.surefire.util.ReflectionUtils.invokeMethodWithArray(ReflectionUtils.java:189)at org.apache.maven.surefire.booter.ProviderFactory$ProviderProxy.invoke(ProviderFactory.java:165)at org.apache.maven.surefire.booter.ProviderFactory.invokeProvider(ProviderFactory.java:85)at org.apache.maven.surefire.booter.ForkedBooter.runSuitesInProcess(ForkedBooter.java:115)at org.apache.maven.surefire.booter.ForkedBooter.main(ForkedBooter.java:75)]]>
            </full-stacktrace>
          </exception> <!-- java.sql.SQLException -->
          <reporter-output>
          </reporter-output>
        </test-method> <!-- test -->
        <test-method status="PASS" signature="tearDown()[pri:0, instance:com.sequoiadp.rbac.ddl.NoSelectOnTable@5579bb86]" name="tearDown" is-config="true" duration-ms="157" started-at="2022-06-29T11:09:23Z" finished-at="2022-06-29T11:09:24Z">
          <reporter-output>
          </reporter-output>
        </test-method> <!-- tearDown -->
      </class> <!-- com.sequoiadp.rbac.ddl.NoSelectOnTable -->
      <class name="com.sequoiadp.rbac.ddl.WithoutUsage">
        <test-method status="PASS" signature="setup()[pri:0, instance:com.sequoiadp.rbac.ddl.WithoutUsage@376b4233]" name="setup" is-config="true" duration-ms="1312" started-at="2022-06-29T11:09:28Z" finished-at="2022-06-29T11:09:29Z">
          <reporter-output>
          </reporter-output>
        </test-method> <!-- setup -->
        <test-method status="PASS" signature="test()[pri:0, instance:com.sequoiadp.rbac.ddl.WithoutUsage@376b4233]" name="test" duration-ms="188" started-at="2022-06-29T11:09:29Z" finished-at="2022-06-29T11:09:29Z">
          <exception class="java.sql.SQLException">
            <message>
              <![CDATA[org.apache.hive.service.cli.HiveSQLException: Error running query: org.apache.spark.sql.AnalysisException: user sdbadmin does not have USAGE privilege on database testdbat org.apache.spark.sql.hive.thriftserver.SparkExecuteStatementOperation.org$apache$spark$sql$hive$thriftserver$SparkExecuteStatementOperation$$execute(SparkExecuteStatementOperation.scala:361)at org.apache.spark.sql.hive.thriftserver.SparkExecuteStatementOperation$$anon$2$$anon$3.$anonfun$run$2(SparkExecuteStatementOperation.scala:263)at scala.runtime.java8.JFunction0$mcV$sp.apply(JFunction0$mcV$sp.java:23)at org.apache.spark.sql.hive.thriftserver.SparkOperation.withLocalProperties(SparkOperation.scala:78)at org.apache.spark.sql.hive.thriftserver.SparkOperation.withLocalProperties$(SparkOperation.scala:62)at org.apache.spark.sql.hive.thriftserver.SparkExecuteStatementOperation.withLocalProperties(SparkExecuteStatementOperation.scala:43)at org.apache.spark.sql.hive.thriftserver.SparkExecuteStatementOperation$$anon$2$$anon$3.run(SparkExecuteStatementOperation.scala:263)at org.apache.spark.sql.hive.thriftserver.SparkExecuteStatementOperation$$anon$2$$anon$3.run(SparkExecuteStatementOperation.scala:258)at java.security.AccessController.doPrivileged(Native Method)at javax.security.auth.Subject.doAs(Subject.java:422)at org.apache.hadoop.security.UserGroupInformation.doAs(UserGroupInformation.java:1730)at org.apache.spark.sql.hive.thriftserver.SparkExecuteStatementOperation$$anon$2.run(SparkExecuteStatementOperation.scala:272)at java.util.concurrent.Executors$RunnableAdapter.call(Executors.java:511)at java.util.concurrent.FutureTask.run(FutureTask.java:266)at java.util.concurrent.ThreadPoolExecutor.runWorker(ThreadPoolExecutor.java:1149)at java.util.concurrent.ThreadPoolExecutor$Worker.run(ThreadPoolExecutor.java:624)at java.lang.Thread.run(Thread.java:748)Caused by: org.apache.spark.sql.AnalysisException: user sdbadmin does not have USAGE privilege on database testdbat org.apache.spark.sql.execution.AuthorityCheck.checkAuth(AuthorityCheck.scala:170)at org.apache.spark.sql.execution.AuthorityCheck.checkTableAuth(AuthorityCheck.scala:72)at org.apache.spark.sql.execution.AuthorityCheck.checkSelectStatement(AuthorityCheck.scala:201)at org.apache.spark.sql.execution.AuthorityCheck.checkSelectStatement(AuthorityCheck.scala:216)at org.apache.spark.sql.execution.AuthorityCheck.checkSelectStatement(AuthorityCheck.scala:216)at org.apache.spark.sql.execution.AuthorityCheck.$anonfun$apply$3(AuthorityCheck.scala:269)at org.apache.spark.sql.execution.AuthorityCheck.$anonfun$apply$3$adapted(AuthorityCheck.scala:251)at org.apache.spark.sql.catalyst.trees.TreeNode.foreach(TreeNode.scala:174)at org.apache.spark.sql.execution.AuthorityCheck.apply(AuthorityCheck.scala:251)at org.apache.spark.sql.execution.AuthorityCheck.apply(AuthorityCheck.scala:39)at org.apache.spark.sql.catalyst.rules.RuleExecutor.$anonfun$execute$2(RuleExecutor.scala:216)at scala.collection.LinearSeqOptimized.foldLeft(LinearSeqOptimized.scala:126)at scala.collection.LinearSeqOptimized.foldLeft$(LinearSeqOptimized.scala:122)at scala.collection.immutable.List.foldLeft(List.scala:89)at org.apache.spark.sql.catalyst.rules.RuleExecutor.$anonfun$execute$1(RuleExecutor.scala:213)at org.apache.spark.sql.catalyst.rules.RuleExecutor.$anonfun$execute$1$adapted(RuleExecutor.scala:205)at scala.collection.immutable.List.foreach(List.scala:392)at org.apache.spark.sql.catalyst.rules.RuleExecutor.execute(RuleExecutor.scala:205)at org.apache.spark.sql.catalyst.analysis.Analyzer.org$apache$spark$sql$catalyst$analysis$Analyzer$$executeSameContext(Analyzer.scala:196)at org.apache.spark.sql.catalyst.analysis.Analyzer.execute(Analyzer.scala:190)at org.apache.spark.sql.catalyst.analysis.Analyzer.execute(Analyzer.scala:155)at org.apache.spark.sql.catalyst.rules.RuleExecutor.$anonfun$executeAndTrack$1(RuleExecutor.scala:183)at org.apache.spark.sql.catalyst.QueryPlanningTracker$.withTracker(QueryPlanningTracker.scala:88)at org.apache.spark.sql.catalyst.rules.RuleExecutor.executeAndTrack(RuleExecutor.scala:183)at org.apache.spark.sql.catalyst.analysis.Analyzer.$anonfun$executeAndCheck$1(Analyzer.scala:174)at org.apache.spark.sql.catalyst.plans.logical.AnalysisHelper$.markInAnalyzer(AnalysisHelper.scala:228)at org.apache.spark.sql.catalyst.analysis.Analyzer.executeAndCheck(Analyzer.scala:173)at org.apache.spark.sql.execution.QueryExecution.$anonfun$analyzed$1(QueryExecution.scala:73)at org.apache.spark.sql.catalyst.QueryPlanningTracker.measurePhase(QueryPlanningTracker.scala:111)at org.apache.spark.sql.execution.QueryExecution.$anonfun$executePhase$1(QueryExecution.scala:143)at org.apache.spark.sql.SparkSession.withActive(SparkSession.scala:776)at org.apache.spark.sql.execution.QueryExecution.executePhase(QueryExecution.scala:143)at org.apache.spark.sql.execution.QueryExecution.analyzed$lzycompute(QueryExecution.scala:73)at org.apache.spark.sql.execution.QueryExecution.analyzed(QueryExecution.scala:71)at org.apache.spark.sql.execution.QueryExecution.assertAnalyzed(QueryExecution.scala:63)at org.apache.spark.sql.Dataset$.$anonfun$ofRows$2(Dataset.scala:101)at org.apache.spark.sql.SparkSession.withActive(SparkSession.scala:776)at org.apache.spark.sql.Dataset$.ofRows(Dataset.scala:99)at org.apache.spark.sql.SparkSession.$anonfun$sql$1(SparkSession.scala:619)at org.apache.spark.sql.SparkSession.withActive(SparkSession.scala:776)at org.apache.spark.sql.SparkSession.sql(SparkSession.scala:614)at org.apache.spark.sql.SQLContext.sql(SQLContext.scala:650)at org.apache.spark.sql.hive.thriftserver.SparkExecuteStatementOperation.org$apache$spark$sql$hive$thriftserver$SparkExecuteStatementOperation$$execute(SparkExecuteStatementOperation.scala:325)... 16 more]]>
            </message>
            <full-stacktrace>
              <![CDATA[java.sql.SQLException: org.apache.hive.service.cli.HiveSQLException: Error running query: org.apache.spark.sql.AnalysisException: user sdbadmin does not have USAGE privilege on database testdbat org.apache.spark.sql.hive.thriftserver.SparkExecuteStatementOperation.org$apache$spark$sql$hive$thriftserver$SparkExecuteStatementOperation$$execute(SparkExecuteStatementOperation.scala:361)at org.apache.spark.sql.hive.thriftserver.SparkExecuteStatementOperation$$anon$2$$anon$3.$anonfun$run$2(SparkExecuteStatementOperation.scala:263)at scala.runtime.java8.JFunction0$mcV$sp.apply(JFunction0$mcV$sp.java:23)at org.apache.spark.sql.hive.thriftserver.SparkOperation.withLocalProperties(SparkOperation.scala:78)at org.apache.spark.sql.hive.thriftserver.SparkOperation.withLocalProperties$(SparkOperation.scala:62)at org.apache.spark.sql.hive.thriftserver.SparkExecuteStatementOperation.withLocalProperties(SparkExecuteStatementOperation.scala:43)at org.apache.spark.sql.hive.thriftserver.SparkExecuteStatementOperation$$anon$2$$anon$3.run(SparkExecuteStatementOperation.scala:263)at org.apache.spark.sql.hive.thriftserver.SparkExecuteStatementOperation$$anon$2$$anon$3.run(SparkExecuteStatementOperation.scala:258)at java.security.AccessController.doPrivileged(Native Method)at javax.security.auth.Subject.doAs(Subject.java:422)at org.apache.hadoop.security.UserGroupInformation.doAs(UserGroupInformation.java:1730)at org.apache.spark.sql.hive.thriftserver.SparkExecuteStatementOperation$$anon$2.run(SparkExecuteStatementOperation.scala:272)at java.util.concurrent.Executors$RunnableAdapter.call(Executors.java:511)at java.util.concurrent.FutureTask.run(FutureTask.java:266)at java.util.concurrent.ThreadPoolExecutor.runWorker(ThreadPoolExecutor.java:1149)at java.util.concurrent.ThreadPoolExecutor$Worker.run(ThreadPoolExecutor.java:624)at java.lang.Thread.run(Thread.java:748)Caused by: org.apache.spark.sql.AnalysisException: user sdbadmin does not have USAGE privilege on database testdbat org.apache.spark.sql.execution.AuthorityCheck.checkAuth(AuthorityCheck.scala:170)at org.apache.spark.sql.execution.AuthorityCheck.checkTableAuth(AuthorityCheck.scala:72)at org.apache.spark.sql.execution.AuthorityCheck.checkSelectStatement(AuthorityCheck.scala:201)at org.apache.spark.sql.execution.AuthorityCheck.checkSelectStatement(AuthorityCheck.scala:216)at org.apache.spark.sql.execution.AuthorityCheck.checkSelectStatement(AuthorityCheck.scala:216)at org.apache.spark.sql.execution.AuthorityCheck.$anonfun$apply$3(AuthorityCheck.scala:269)at org.apache.spark.sql.execution.AuthorityCheck.$anonfun$apply$3$adapted(AuthorityCheck.scala:251)at org.apache.spark.sql.catalyst.trees.TreeNode.foreach(TreeNode.scala:174)at org.apache.spark.sql.execution.AuthorityCheck.apply(AuthorityCheck.scala:251)at org.apache.spark.sql.execution.AuthorityCheck.apply(AuthorityCheck.scala:39)at org.apache.spark.sql.catalyst.rules.RuleExecutor.$anonfun$execute$2(RuleExecutor.scala:216)at scala.collection.LinearSeqOptimized.foldLeft(LinearSeqOptimized.scala:126)at scala.collection.LinearSeqOptimized.foldLeft$(LinearSeqOptimized.scala:122)at scala.collection.immutable.List.foldLeft(List.scala:89)at org.apache.spark.sql.catalyst.rules.RuleExecutor.$anonfun$execute$1(RuleExecutor.scala:213)at org.apache.spark.sql.catalyst.rules.RuleExecutor.$anonfun$execute$1$adapted(RuleExecutor.scala:205)at scala.collection.immutable.List.foreach(List.scala:392)at org.apache.spark.sql.catalyst.rules.RuleExecutor.execute(RuleExecutor.scala:205)at org.apache.spark.sql.catalyst.analysis.Analyzer.org$apache$spark$sql$catalyst$analysis$Analyzer$$executeSameContext(Analyzer.scala:196)at org.apache.spark.sql.catalyst.analysis.Analyzer.execute(Analyzer.scala:190)at org.apache.spark.sql.catalyst.analysis.Analyzer.execute(Analyzer.scala:155)at org.apache.spark.sql.catalyst.rules.RuleExecutor.$anonfun$executeAndTrack$1(RuleExecutor.scala:183)at org.apache.spark.sql.catalyst.QueryPlanningTracker$.withTracker(QueryPlanningTracker.scala:88)at org.apache.spark.sql.catalyst.rules.RuleExecutor.executeAndTrack(RuleExecutor.scala:183)at org.apache.spark.sql.catalyst.analysis.Analyzer.$anonfun$executeAndCheck$1(Analyzer.scala:174)at org.apache.spark.sql.catalyst.plans.logical.AnalysisHelper$.markInAnalyzer(AnalysisHelper.scala:228)at org.apache.spark.sql.catalyst.analysis.Analyzer.executeAndCheck(Analyzer.scala:173)at org.apache.spark.sql.execution.QueryExecution.$anonfun$analyzed$1(QueryExecution.scala:73)at org.apache.spark.sql.catalyst.QueryPlanningTracker.measurePhase(QueryPlanningTracker.scala:111)at org.apache.spark.sql.execution.QueryExecution.$anonfun$executePhase$1(QueryExecution.scala:143)at org.apache.spark.sql.SparkSession.withActive(SparkSession.scala:776)at org.apache.spark.sql.execution.QueryExecution.executePhase(QueryExecution.scala:143)at org.apache.spark.sql.execution.QueryExecution.analyzed$lzycompute(QueryExecution.scala:73)at org.apache.spark.sql.execution.QueryExecution.analyzed(QueryExecution.scala:71)at org.apache.spark.sql.execution.QueryExecution.assertAnalyzed(QueryExecution.scala:63)at org.apache.spark.sql.Dataset$.$anonfun$ofRows$2(Dataset.scala:101)at org.apache.spark.sql.SparkSession.withActive(SparkSession.scala:776)at org.apache.spark.sql.Dataset$.ofRows(Dataset.scala:99)at org.apache.spark.sql.SparkSession.$anonfun$sql$1(SparkSession.scala:619)at org.apache.spark.sql.SparkSession.withActive(SparkSession.scala:776)at org.apache.spark.sql.SparkSession.sql(SparkSession.scala:614)at org.apache.spark.sql.SQLContext.sql(SQLContext.scala:650)at org.apache.spark.sql.hive.thriftserver.SparkExecuteStatementOperation.org$apache$spark$sql$hive$thriftserver$SparkExecuteStatementOperation$$execute(SparkExecuteStatementOperation.scala:325)... 16 moreat org.apache.hive.jdbc.HiveStatement.waitForOperationToComplete(HiveStatement.java:385)at org.apache.hive.jdbc.HiveStatement.execute(HiveStatement.java:254)at org.apache.hive.jdbc.HiveStatement.executeQuery(HiveStatement.java:476)at com.sequoiadp.rbac.ddl.WithoutUsage.test(WithoutUsage.java:41)at sun.reflect.NativeMethodAccessorImpl.invoke0(Native Method)at sun.reflect.NativeMethodAccessorImpl.invoke(NativeMethodAccessorImpl.java:62)at sun.reflect.DelegatingMethodAccessorImpl.invoke(DelegatingMethodAccessorImpl.java:43)at java.lang.reflect.Method.invoke(Method.java:498)at org.testng.internal.MethodInvocationHelper.invokeMethod(MethodInvocationHelper.java:124)at org.testng.internal.Invoker.invokeMethod(Invoker.java:571)at org.testng.internal.Invoker.invokeTestMethod(Invoker.java:707)at org.testng.internal.Invoker.invokeTestMethods(Invoker.java:979)at org.testng.internal.TestMethodWorker.invokeTestMethods(TestMethodWorker.java:125)at org.testng.internal.TestMethodWorker.run(TestMethodWorker.java:109)at org.testng.TestRunner.privateRun(TestRunner.java:648)at org.testng.TestRunner.run(TestRunner.java:505)at org.testng.SuiteRunner.runTest(SuiteRunner.java:455)at org.testng.SuiteRunner.runSequentially(SuiteRunner.java:450)at org.testng.SuiteRunner.privateRun(SuiteRunner.java:415)at org.testng.SuiteRunner.run(SuiteRunner.java:364)at org.testng.SuiteRunnerWorker.runSuite(SuiteRunnerWorker.java:52)at org.testng.SuiteRunnerWorker.run(SuiteRunnerWorker.java:84)at org.testng.TestNG.runSuitesSequentially(TestNG.java:1187)at org.testng.TestNG.runSuitesLocally(TestNG.java:1116)at org.testng.TestNG.runSuites(TestNG.java:1028)at org.testng.TestNG.run(TestNG.java:996)at org.apache.maven.surefire.testng.TestNGExecutor.run(TestNGExecutor.java:178)at org.apache.maven.surefire.testng.TestNGXmlTestSuite.execute(TestNGXmlTestSuite.java:92)at org.apache.maven.surefire.testng.TestNGProvider.invoke(TestNGProvider.java:96)at sun.reflect.NativeMethodAccessorImpl.invoke0(Native Method)at sun.reflect.NativeMethodAccessorImpl.invoke(NativeMethodAccessorImpl.java:62)at sun.reflect.DelegatingMethodAccessorImpl.invoke(DelegatingMethodAccessorImpl.java:43)at java.lang.reflect.Method.invoke(Method.java:498)at org.apache.maven.surefire.util.ReflectionUtils.invokeMethodWithArray(ReflectionUtils.java:189)at org.apache.maven.surefire.booter.ProviderFactory$ProviderProxy.invoke(ProviderFactory.java:165)at org.apache.maven.surefire.booter.ProviderFactory.invokeProvider(ProviderFactory.java:85)at org.apache.maven.surefire.booter.ForkedBooter.runSuitesInProcess(ForkedBooter.java:115)at org.apache.maven.surefire.booter.ForkedBooter.main(ForkedBooter.java:75)]]>
            </full-stacktrace>
          </exception> <!-- java.sql.SQLException -->
          <reporter-output>
          </reporter-output>
        </test-method> <!-- test -->
        <test-method status="PASS" signature="tearDown()[pri:0, instance:com.sequoiadp.rbac.ddl.WithoutUsage@376b4233]" name="tearDown" is-config="true" duration-ms="125" started-at="2022-06-29T11:09:29Z" finished-at="2022-06-29T11:09:30Z">
          <reporter-output>
          </reporter-output>
        </test-method> <!-- tearDown -->
      </class> <!-- com.sequoiadp.rbac.ddl.WithoutUsage -->
      <class name="com.sequoiadp.rbac.ddl.RevokeSelectOnTable01">
        <test-method status="PASS" signature="setup()[pri:0, instance:com.sequoiadp.rbac.ddl.RevokeSelectOnTable01@4fcd19b3]" name="setup" is-config="true" duration-ms="1437" started-at="2022-06-29T11:09:26Z" finished-at="2022-06-29T11:09:27Z">
          <reporter-output>
          </reporter-output>
        </test-method> <!-- setup -->
        <test-method status="PASS" signature="Test()[pri:0, instance:com.sequoiadp.rbac.ddl.RevokeSelectOnTable01@4fcd19b3]" name="Test" duration-ms="594" started-at="2022-06-29T11:09:27Z" finished-at="2022-06-29T11:09:28Z">
          <exception class="java.sql.SQLException">
            <message>
              <![CDATA[org.apache.hive.service.cli.HiveSQLException: Error running query: org.apache.spark.sql.AnalysisException: user sdbadmin does not have select privilege on table testdb.revokeselectontable01at org.apache.spark.sql.hive.thriftserver.SparkExecuteStatementOperation.org$apache$spark$sql$hive$thriftserver$SparkExecuteStatementOperation$$execute(SparkExecuteStatementOperation.scala:361)at org.apache.spark.sql.hive.thriftserver.SparkExecuteStatementOperation$$anon$2$$anon$3.$anonfun$run$2(SparkExecuteStatementOperation.scala:263)at scala.runtime.java8.JFunction0$mcV$sp.apply(JFunction0$mcV$sp.java:23)at org.apache.spark.sql.hive.thriftserver.SparkOperation.withLocalProperties(SparkOperation.scala:78)at org.apache.spark.sql.hive.thriftserver.SparkOperation.withLocalProperties$(SparkOperation.scala:62)at org.apache.spark.sql.hive.thriftserver.SparkExecuteStatementOperation.withLocalProperties(SparkExecuteStatementOperation.scala:43)at org.apache.spark.sql.hive.thriftserver.SparkExecuteStatementOperation$$anon$2$$anon$3.run(SparkExecuteStatementOperation.scala:263)at org.apache.spark.sql.hive.thriftserver.SparkExecuteStatementOperation$$anon$2$$anon$3.run(SparkExecuteStatementOperation.scala:258)at java.security.AccessController.doPrivileged(Native Method)at javax.security.auth.Subject.doAs(Subject.java:422)at org.apache.hadoop.security.UserGroupInformation.doAs(UserGroupInformation.java:1730)at org.apache.spark.sql.hive.thriftserver.SparkExecuteStatementOperation$$anon$2.run(SparkExecuteStatementOperation.scala:272)at java.util.concurrent.Executors$RunnableAdapter.call(Executors.java:511)at java.util.concurrent.FutureTask.run(FutureTask.java:266)at java.util.concurrent.ThreadPoolExecutor.runWorker(ThreadPoolExecutor.java:1149)at java.util.concurrent.ThreadPoolExecutor$Worker.run(ThreadPoolExecutor.java:624)at java.lang.Thread.run(Thread.java:748)Caused by: org.apache.spark.sql.AnalysisException: user sdbadmin does not have select privilege on table testdb.revokeselectontable01at org.apache.spark.sql.execution.AuthorityCheck.checkAuth(AuthorityCheck.scala:177)at org.apache.spark.sql.execution.AuthorityCheck.checkTableAuth(AuthorityCheck.scala:72)at org.apache.spark.sql.execution.AuthorityCheck.checkSelectStatement(AuthorityCheck.scala:201)at org.apache.spark.sql.execution.AuthorityCheck.checkSelectStatement(AuthorityCheck.scala:216)at org.apache.spark.sql.execution.AuthorityCheck.checkSelectStatement(AuthorityCheck.scala:216)at org.apache.spark.sql.execution.AuthorityCheck.$anonfun$apply$3(AuthorityCheck.scala:269)at org.apache.spark.sql.execution.AuthorityCheck.$anonfun$apply$3$adapted(AuthorityCheck.scala:251)at org.apache.spark.sql.catalyst.trees.TreeNode.foreach(TreeNode.scala:174)at org.apache.spark.sql.execution.AuthorityCheck.apply(AuthorityCheck.scala:251)at org.apache.spark.sql.execution.AuthorityCheck.apply(AuthorityCheck.scala:39)at org.apache.spark.sql.catalyst.rules.RuleExecutor.$anonfun$execute$2(RuleExecutor.scala:216)at scala.collection.LinearSeqOptimized.foldLeft(LinearSeqOptimized.scala:126)at scala.collection.LinearSeqOptimized.foldLeft$(LinearSeqOptimized.scala:122)at scala.collection.immutable.List.foldLeft(List.scala:89)at org.apache.spark.sql.catalyst.rules.RuleExecutor.$anonfun$execute$1(RuleExecutor.scala:213)at org.apache.spark.sql.catalyst.rules.RuleExecutor.$anonfun$execute$1$adapted(RuleExecutor.scala:205)at scala.collection.immutable.List.foreach(List.scala:392)at org.apache.spark.sql.catalyst.rules.RuleExecutor.execute(RuleExecutor.scala:205)at org.apache.spark.sql.catalyst.analysis.Analyzer.org$apache$spark$sql$catalyst$analysis$Analyzer$$executeSameContext(Analyzer.scala:196)at org.apache.spark.sql.catalyst.analysis.Analyzer.execute(Analyzer.scala:190)at org.apache.spark.sql.catalyst.analysis.Analyzer.execute(Analyzer.scala:155)at org.apache.spark.sql.catalyst.rules.RuleExecutor.$anonfun$executeAndTrack$1(RuleExecutor.scala:183)at org.apache.spark.sql.catalyst.QueryPlanningTracker$.withTracker(QueryPlanningTracker.scala:88)at org.apache.spark.sql.catalyst.rules.RuleExecutor.executeAndTrack(RuleExecutor.scala:183)at org.apache.spark.sql.catalyst.analysis.Analyzer.$anonfun$executeAndCheck$1(Analyzer.scala:174)at org.apache.spark.sql.catalyst.plans.logical.AnalysisHelper$.markInAnalyzer(AnalysisHelper.scala:228)at org.apache.spark.sql.catalyst.analysis.Analyzer.executeAndCheck(Analyzer.scala:173)at org.apache.spark.sql.execution.QueryExecution.$anonfun$analyzed$1(QueryExecution.scala:73)at org.apache.spark.sql.catalyst.QueryPlanningTracker.measurePhase(QueryPlanningTracker.scala:111)at org.apache.spark.sql.execution.QueryExecution.$anonfun$executePhase$1(QueryExecution.scala:143)at org.apache.spark.sql.SparkSession.withActive(SparkSession.scala:776)at org.apache.spark.sql.execution.QueryExecution.executePhase(QueryExecution.scala:143)at org.apache.spark.sql.execution.QueryExecution.analyzed$lzycompute(QueryExecution.scala:73)at org.apache.spark.sql.execution.QueryExecution.analyzed(QueryExecution.scala:71)at org.apache.spark.sql.execution.QueryExecution.assertAnalyzed(QueryExecution.scala:63)at org.apache.spark.sql.Dataset$.$anonfun$ofRows$2(Dataset.scala:101)at org.apache.spark.sql.SparkSession.withActive(SparkSession.scala:776)at org.apache.spark.sql.Dataset$.ofRows(Dataset.scala:99)at org.apache.spark.sql.SparkSession.$anonfun$sql$1(SparkSession.scala:619)at org.apache.spark.sql.SparkSession.withActive(SparkSession.scala:776)at org.apache.spark.sql.SparkSession.sql(SparkSession.scala:614)at org.apache.spark.sql.SQLContext.sql(SQLContext.scala:650)at org.apache.spark.sql.hive.thriftserver.SparkExecuteStatementOperation.org$apache$spark$sql$hive$thriftserver$SparkExecuteStatementOperation$$execute(SparkExecuteStatementOperation.scala:325)... 16 more]]>
            </message>
            <full-stacktrace>
              <![CDATA[java.sql.SQLException: org.apache.hive.service.cli.HiveSQLException: Error running query: org.apache.spark.sql.AnalysisException: user sdbadmin does not have select privilege on table testdb.revokeselectontable01at org.apache.spark.sql.hive.thriftserver.SparkExecuteStatementOperation.org$apache$spark$sql$hive$thriftserver$SparkExecuteStatementOperation$$execute(SparkExecuteStatementOperation.scala:361)at org.apache.spark.sql.hive.thriftserver.SparkExecuteStatementOperation$$anon$2$$anon$3.$anonfun$run$2(SparkExecuteStatementOperation.scala:263)at scala.runtime.java8.JFunction0$mcV$sp.apply(JFunction0$mcV$sp.java:23)at org.apache.spark.sql.hive.thriftserver.SparkOperation.withLocalProperties(SparkOperation.scala:78)at org.apache.spark.sql.hive.thriftserver.SparkOperation.withLocalProperties$(SparkOperation.scala:62)at org.apache.spark.sql.hive.thriftserver.SparkExecuteStatementOperation.withLocalProperties(SparkExecuteStatementOperation.scala:43)at org.apache.spark.sql.hive.thriftserver.SparkExecuteStatementOperation$$anon$2$$anon$3.run(SparkExecuteStatementOperation.scala:263)at org.apache.spark.sql.hive.thriftserver.SparkExecuteStatementOperation$$anon$2$$anon$3.run(SparkExecuteStatementOperation.scala:258)at java.security.AccessController.doPrivileged(Native Method)at javax.security.auth.Subject.doAs(Subject.java:422)at org.apache.hadoop.security.UserGroupInformation.doAs(UserGroupInformation.java:1730)at org.apache.spark.sql.hive.thriftserver.SparkExecuteStatementOperation$$anon$2.run(SparkExecuteStatementOperation.scala:272)at java.util.concurrent.Executors$RunnableAdapter.call(Executors.java:511)at java.util.concurrent.FutureTask.run(FutureTask.java:266)at java.util.concurrent.ThreadPoolExecutor.runWorker(ThreadPoolExecutor.java:1149)at java.util.concurrent.ThreadPoolExecutor$Worker.run(ThreadPoolExecutor.java:624)at java.lang.Thread.run(Thread.java:748)Caused by: org.apache.spark.sql.AnalysisException: user sdbadmin does not have select privilege on table testdb.revokeselectontable01at org.apache.spark.sql.execution.AuthorityCheck.checkAuth(AuthorityCheck.scala:177)at org.apache.spark.sql.execution.AuthorityCheck.checkTableAuth(AuthorityCheck.scala:72)at org.apache.spark.sql.execution.AuthorityCheck.checkSelectStatement(AuthorityCheck.scala:201)at org.apache.spark.sql.execution.AuthorityCheck.checkSelectStatement(AuthorityCheck.scala:216)at org.apache.spark.sql.execution.AuthorityCheck.checkSelectStatement(AuthorityCheck.scala:216)at org.apache.spark.sql.execution.AuthorityCheck.$anonfun$apply$3(AuthorityCheck.scala:269)at org.apache.spark.sql.execution.AuthorityCheck.$anonfun$apply$3$adapted(AuthorityCheck.scala:251)at org.apache.spark.sql.catalyst.trees.TreeNode.foreach(TreeNode.scala:174)at org.apache.spark.sql.execution.AuthorityCheck.apply(AuthorityCheck.scala:251)at org.apache.spark.sql.execution.AuthorityCheck.apply(AuthorityCheck.scala:39)at org.apache.spark.sql.catalyst.rules.RuleExecutor.$anonfun$execute$2(RuleExecutor.scala:216)at scala.collection.LinearSeqOptimized.foldLeft(LinearSeqOptimized.scala:126)at scala.collection.LinearSeqOptimized.foldLeft$(LinearSeqOptimized.scala:122)at scala.collection.immutable.List.foldLeft(List.scala:89)at org.apache.spark.sql.catalyst.rules.RuleExecutor.$anonfun$execute$1(RuleExecutor.scala:213)at org.apache.spark.sql.catalyst.rules.RuleExecutor.$anonfun$execute$1$adapted(RuleExecutor.scala:205)at scala.collection.immutable.List.foreach(List.scala:392)at org.apache.spark.sql.catalyst.rules.RuleExecutor.execute(RuleExecutor.scala:205)at org.apache.spark.sql.catalyst.analysis.Analyzer.org$apache$spark$sql$catalyst$analysis$Analyzer$$executeSameContext(Analyzer.scala:196)at org.apache.spark.sql.catalyst.analysis.Analyzer.execute(Analyzer.scala:190)at org.apache.spark.sql.catalyst.analysis.Analyzer.execute(Analyzer.scala:155)at org.apache.spark.sql.catalyst.rules.RuleExecutor.$anonfun$executeAndTrack$1(RuleExecutor.scala:183)at org.apache.spark.sql.catalyst.QueryPlanningTracker$.withTracker(QueryPlanningTracker.scala:88)at org.apache.spark.sql.catalyst.rules.RuleExecutor.executeAndTrack(RuleExecutor.scala:183)at org.apache.spark.sql.catalyst.analysis.Analyzer.$anonfun$executeAndCheck$1(Analyzer.scala:174)at org.apache.spark.sql.catalyst.plans.logical.AnalysisHelper$.markInAnalyzer(AnalysisHelper.scala:228)at org.apache.spark.sql.catalyst.analysis.Analyzer.executeAndCheck(Analyzer.scala:173)at org.apache.spark.sql.execution.QueryExecution.$anonfun$analyzed$1(QueryExecution.scala:73)at org.apache.spark.sql.catalyst.QueryPlanningTracker.measurePhase(QueryPlanningTracker.scala:111)at org.apache.spark.sql.execution.QueryExecution.$anonfun$executePhase$1(QueryExecution.scala:143)at org.apache.spark.sql.SparkSession.withActive(SparkSession.scala:776)at org.apache.spark.sql.execution.QueryExecution.executePhase(QueryExecution.scala:143)at org.apache.spark.sql.execution.QueryExecution.analyzed$lzycompute(QueryExecution.scala:73)at org.apache.spark.sql.execution.QueryExecution.analyzed(QueryExecution.scala:71)at org.apache.spark.sql.execution.QueryExecution.assertAnalyzed(QueryExecution.scala:63)at org.apache.spark.sql.Dataset$.$anonfun$ofRows$2(Dataset.scala:101)at org.apache.spark.sql.SparkSession.withActive(SparkSession.scala:776)at org.apache.spark.sql.Dataset$.ofRows(Dataset.scala:99)at org.apache.spark.sql.SparkSession.$anonfun$sql$1(SparkSession.scala:619)at org.apache.spark.sql.SparkSession.withActive(SparkSession.scala:776)at org.apache.spark.sql.SparkSession.sql(SparkSession.scala:614)at org.apache.spark.sql.SQLContext.sql(SQLContext.scala:650)at org.apache.spark.sql.hive.thriftserver.SparkExecuteStatementOperation.org$apache$spark$sql$hive$thriftserver$SparkExecuteStatementOperation$$execute(SparkExecuteStatementOperation.scala:325)... 16 moreat org.apache.hive.jdbc.HiveStatement.waitForOperationToComplete(HiveStatement.java:385)at org.apache.hive.jdbc.HiveStatement.execute(HiveStatement.java:254)at org.apache.hive.jdbc.HiveStatement.executeQuery(HiveStatement.java:476)at org.apache.hive.jdbc.HivePreparedStatement.executeQuery(HivePreparedStatement.java:112)at com.sequoiadp.rbac.ddl.RevokeSelectOnTable01.Test(RevokeSelectOnTable01.java:52)at sun.reflect.NativeMethodAccessorImpl.invoke0(Native Method)at sun.reflect.NativeMethodAccessorImpl.invoke(NativeMethodAccessorImpl.java:62)at sun.reflect.DelegatingMethodAccessorImpl.invoke(DelegatingMethodAccessorImpl.java:43)at java.lang.reflect.Method.invoke(Method.java:498)at org.testng.internal.MethodInvocationHelper.invokeMethod(MethodInvocationHelper.java:124)at org.testng.internal.Invoker.invokeMethod(Invoker.java:571)at org.testng.internal.Invoker.invokeTestMethod(Invoker.java:707)at org.testng.internal.Invoker.invokeTestMethods(Invoker.java:979)at org.testng.internal.TestMethodWorker.invokeTestMethods(TestMethodWorker.java:125)at org.testng.internal.TestMethodWorker.run(TestMethodWorker.java:109)at org.testng.TestRunner.privateRun(TestRunner.java:648)at org.testng.TestRunner.run(TestRunner.java:505)at org.testng.SuiteRunner.runTest(SuiteRunner.java:455)at org.testng.SuiteRunner.runSequentially(SuiteRunner.java:450)at org.testng.SuiteRunner.privateRun(SuiteRunner.java:415)at org.testng.SuiteRunner.run(SuiteRunner.java:364)at org.testng.SuiteRunnerWorker.runSuite(SuiteRunnerWorker.java:52)at org.testng.SuiteRunnerWorker.run(SuiteRunnerWorker.java:84)at org.testng.TestNG.runSuitesSequentially(TestNG.java:1187)at org.testng.TestNG.runSuitesLocally(TestNG.java:1116)at org.testng.TestNG.runSuites(TestNG.java:1028)at org.testng.TestNG.run(TestNG.java:996)at org.apache.maven.surefire.testng.TestNGExecutor.run(TestNGExecutor.java:178)at org.apache.maven.surefire.testng.TestNGXmlTestSuite.execute(TestNGXmlTestSuite.java:92)at org.apache.maven.surefire.testng.TestNGProvider.invoke(TestNGProvider.java:96)at sun.reflect.NativeMethodAccessorImpl.invoke0(Native Method)at sun.reflect.NativeMethodAccessorImpl.invoke(NativeMethodAccessorImpl.java:62)at sun.reflect.DelegatingMethodAccessorImpl.invoke(DelegatingMethodAccessorImpl.java:43)at java.lang.reflect.Method.invoke(Method.java:498)at org.apache.maven.surefire.util.ReflectionUtils.invokeMethodWithArray(ReflectionUtils.java:189)at org.apache.maven.surefire.booter.ProviderFactory$ProviderProxy.invoke(ProviderFactory.java:165)at org.apache.maven.surefire.booter.ProviderFactory.invokeProvider(ProviderFactory.java:85)at org.apache.maven.surefire.booter.ForkedBooter.runSuitesInProcess(ForkedBooter.java:115)at org.apache.maven.surefire.booter.ForkedBooter.main(ForkedBooter.java:75)]]>
            </full-stacktrace>
          </exception> <!-- java.sql.SQLException -->
          <reporter-output>
          </reporter-output>
        </test-method> <!-- Test -->
        <test-method status="PASS" signature="tearDown()[pri:0, instance:com.sequoiadp.rbac.ddl.RevokeSelectOnTable01@4fcd19b3]" name="tearDown" is-config="true" duration-ms="141" started-at="2022-06-29T11:09:28Z" finished-at="2022-06-29T11:09:28Z">
          <reporter-output>
          </reporter-output>
        </test-method> <!-- tearDown -->
      </class> <!-- com.sequoiadp.rbac.ddl.RevokeSelectOnTable01 -->
      <class name="com.sequoiadp.rbac.ddl.GrantModify">
        <test-method status="PASS" signature="initSuite(java.lang.String, java.lang.String, java.lang.String, java.lang.String, java.lang.String, java.lang.String, java.lang.String, java.lang.String)[pri:0, instance:com.sequoiadp.rbac.ddl.GrantModify@fcd6521]" name="initSuite" is-config="true" duration-ms="16" started-at="2022-06-29T11:09:13Z" finished-at="2022-06-29T11:09:13Z">
          <params>
            <param index="0">
              <value>
                <![CDATA[192.168.16.75]]>
              </value>
            </param>
            <param index="1">
              <value>
                <![CDATA[10000]]>
              </value>
            </param>
            <param index="2">
              <value>
                <![CDATA[sequoiadb]]>
              </value>
            </param>
            <param index="3">
              <value>
                <![CDATA[123456]]>
              </value>
            </param>
            <param index="4">
              <value>
                <![CDATA[sdbadmin]]>
              </value>
            </param>
            <param index="5">
              <value>
                <![CDATA[sdbadmin]]>
              </value>
            </param>
            <param index="6">
              <value>
                <![CDATA[testdb]]>
              </value>
            </param>
            <param index="7">
              <value>
                <![CDATA[group1]]>
              </value>
            </param>
          </params>
          <reporter-output>
          </reporter-output>
        </test-method> <!-- initSuite -->
        <test-method status="PASS" signature="cleanandbuild()[pri:0, instance:com.sequoiadp.rbac.ddl.GrantModify@fcd6521]" name="cleanandbuild" is-config="true" duration-ms="1015" started-at="2022-06-29T11:09:13Z" finished-at="2022-06-29T11:09:14Z">
          <reporter-output>
          </reporter-output>
        </test-method> <!-- cleanandbuild -->
        <test-method status="PASS" signature="setup()[pri:0, instance:com.sequoiadp.rbac.ddl.GrantModify@fcd6521]" name="setup" is-config="true" duration-ms="1750" started-at="2022-06-29T11:09:15Z" finished-at="2022-06-29T11:09:16Z">
          <reporter-output>
          </reporter-output>
        </test-method> <!-- setup -->
        <test-method status="PASS" signature="test()[pri:0, instance:com.sequoiadp.rbac.ddl.GrantModify@fcd6521]" name="test" duration-ms="1578" started-at="2022-06-29T11:09:16Z" finished-at="2022-06-29T11:09:18Z">
          <reporter-output>
          </reporter-output>
        </test-method> <!-- test -->
        <test-method status="PASS" signature="tearDown()[pri:0, instance:com.sequoiadp.rbac.ddl.GrantModify@fcd6521]" name="tearDown" is-config="true" duration-ms="141" started-at="2022-06-29T11:09:18Z" finished-at="2022-06-29T11:09:18Z">
          <reporter-output>
          </reporter-output>
        </test-method> <!-- tearDown -->
        <test-method status="PASS" signature="recycle()[pri:0, instance:com.sequoiadp.rbac.ddl.GrantModify@fcd6521]" name="recycle" is-config="true" duration-ms="93" started-at="2022-06-29T11:09:30Z" finished-at="2022-06-29T11:09:30Z">
          <reporter-output>
          </reporter-output>
        </test-method> <!-- recycle -->
      </class> <!-- com.sequoiadp.rbac.ddl.GrantModify -->
      <class name="com.sequoiadp.rbac.ddl.Groupselect">
        <test-method status="PASS" signature="setup()[pri:0, instance:com.sequoiadp.rbac.ddl.Groupselect@31f924f5]" name="setup" is-config="true" duration-ms="1359" started-at="2022-06-29T11:09:20Z" finished-at="2022-06-29T11:09:21Z">
          <reporter-output>
          </reporter-output>
        </test-method> <!-- setup -->
        <test-method status="PASS" signature="test()[pri:0, instance:com.sequoiadp.rbac.ddl.Groupselect@31f924f5]" name="test" duration-ms="453" started-at="2022-06-29T11:09:21Z" finished-at="2022-06-29T11:09:22Z">
          <reporter-output>
          </reporter-output>
        </test-method> <!-- test -->
        <test-method status="PASS" signature="tearDown()[pri:0, instance:com.sequoiadp.rbac.ddl.Groupselect@31f924f5]" name="tearDown" is-config="true" duration-ms="157" started-at="2022-06-29T11:09:22Z" finished-at="2022-06-29T11:09:22Z">
          <reporter-output>
          </reporter-output>
        </test-method> <!-- tearDown -->
      </class> <!-- com.sequoiadp.rbac.ddl.Groupselect -->
      <class name="com.sequoiadp.rbac.ddl.GrantSelect">
        <test-method status="PASS" signature="setup()[pri:0, instance:com.sequoiadp.rbac.ddl.GrantSelect@5c18298f]" name="setup" is-config="true" duration-ms="1265" started-at="2022-06-29T11:09:18Z" finished-at="2022-06-29T11:09:19Z">
          <reporter-output>
          </reporter-output>
        </test-method> <!-- setup -->
        <test-method status="PASS" signature="test()[pri:0, instance:com.sequoiadp.rbac.ddl.GrantSelect@5c18298f]" name="test" duration-ms="485" started-at="2022-06-29T11:09:19Z" finished-at="2022-06-29T11:09:20Z">
          <reporter-output>
          </reporter-output>
        </test-method> <!-- test -->
        <test-method status="PASS" signature="tearDown()[pri:0, instance:com.sequoiadp.rbac.ddl.GrantSelect@5c18298f]" name="tearDown" is-config="true" duration-ms="156" started-at="2022-06-29T11:09:20Z" finished-at="2022-06-29T11:09:20Z">
          <reporter-output>
          </reporter-output>
        </test-method> <!-- tearDown -->
      </class> <!-- com.sequoiadp.rbac.ddl.GrantSelect -->
      <class name="com.sequoiadp.rbac.ddl.CreateDatabase123">
        <test-method status="PASS" signature="test()[pri:0, instance:com.sequoiadp.rbac.ddl.CreateDatabase123@27d415d9]" name="test" duration-ms="172" started-at="2022-06-29T11:09:15Z" finished-at="2022-06-29T11:09:15Z">
          <reporter-output>
          </reporter-output>
        </test-method> <!-- test -->
      </class> <!-- com.sequoiadp.rbac.ddl.CreateDatabase123 -->
    </test> <!-- rbac -->
  </suite> <!-- rbac -->
</testng-results>
